[INFO  - 2023-01-15T23:17:10.465Z] GhostDriver - Main - running on port 48771
[INFO  - 2023-01-15T23:17:11.006Z] Session [bcf94050-952a-11ed-baa9-f94efc0f13aa] - page.settings - {"XSSAuditingEnabled":false,"javascriptCanCloseWindows":true,"javascriptCanOpenWindows":true,"javascriptEnabled":true,"loadImages":true,"localToRemoteUrlAccessEnabled":false,"userAgent":"Mozilla/5.0 (Unknown; Linux x86_64) AppleWebKit/538.1 (KHTML, like Gecko) PhantomJS/2.1.1 Safari/538.1","webSecurityEnabled":true}
[INFO  - 2023-01-15T23:17:11.006Z] Session [bcf94050-952a-11ed-baa9-f94efc0f13aa] - page.customHeaders:  - {}
[INFO  - 2023-01-15T23:17:11.006Z] Session [bcf94050-952a-11ed-baa9-f94efc0f13aa] - Session.negotiatedCapabilities - {"browserName":"phantomjs","version":"2.1.1","driverName":"ghostdriver","driverVersion":"1.2.0","platform":"linux-unknown-64bit","javascriptEnabled":true,"takesScreenshot":true,"handlesAlerts":false,"databaseEnabled":false,"locationContextEnabled":false,"applicationCacheEnabled":false,"browserConnectionEnabled":false,"cssSelectorsEnabled":true,"webStorageEnabled":false,"rotatable":false,"acceptSslCerts":false,"nativeEvents":true,"proxy":{"proxyType":"direct"}}
[INFO  - 2023-01-15T23:17:11.006Z] SessionManagerReqHand - _postNewSessionCommand - New Session Created: bcf94050-952a-11ed-baa9-f94efc0f13aa
[INFO  - 2023-01-15T23:17:11.164Z] ShutdownReqHand - _handle - About to shutdown
[INFO  - 2023-01-15T23:17:33.367Z] GhostDriver - Main - running on port 55464
[INFO  - 2023-01-15T23:17:33.796Z] Session [ca8f7e00-952a-11ed-a1d0-df106a806eb5] - page.settings - {"XSSAuditingEnabled":false,"javascriptCanCloseWindows":true,"javascriptCanOpenWindows":true,"javascriptEnabled":true,"loadImages":true,"localToRemoteUrlAccessEnabled":false,"userAgent":"Mozilla/5.0 (Unknown; Linux x86_64) AppleWebKit/538.1 (KHTML, like Gecko) PhantomJS/2.1.1 Safari/538.1","webSecurityEnabled":true}
[INFO  - 2023-01-15T23:17:33.796Z] Session [ca8f7e00-952a-11ed-a1d0-df106a806eb5] - page.customHeaders:  - {}
[INFO  - 2023-01-15T23:17:33.796Z] Session [ca8f7e00-952a-11ed-a1d0-df106a806eb5] - Session.negotiatedCapabilities - {"browserName":"phantomjs","version":"2.1.1","driverName":"ghostdriver","driverVersion":"1.2.0","platform":"linux-unknown-64bit","javascriptEnabled":true,"takesScreenshot":true,"handlesAlerts":false,"databaseEnabled":false,"locationContextEnabled":false,"applicationCacheEnabled":false,"browserConnectionEnabled":false,"cssSelectorsEnabled":true,"webStorageEnabled":false,"rotatable":false,"acceptSslCerts":false,"nativeEvents":true,"proxy":{"proxyType":"direct"}}
[INFO  - 2023-01-15T23:17:33.796Z] SessionManagerReqHand - _postNewSessionCommand - New Session Created: ca8f7e00-952a-11ed-a1d0-df106a806eb5
[INFO  - 2023-01-15T23:17:33.947Z] ShutdownReqHand - _handle - About to shutdown
[INFO  - 2023-01-15T23:20:14.699Z] GhostDriver - Main - running on port 45492
[INFO  - 2023-01-15T23:20:15.297Z] Session [2ad1fa90-952b-11ed-904e-7b469e175256] - page.settings - {"XSSAuditingEnabled":false,"javascriptCanCloseWindows":true,"javascriptCanOpenWindows":true,"javascriptEnabled":true,"loadImages":true,"localToRemoteUrlAccessEnabled":false,"userAgent":"Mozilla/5.0 (Unknown; Linux x86_64) AppleWebKit/538.1 (KHTML, like Gecko) PhantomJS/2.1.1 Safari/538.1","webSecurityEnabled":true}
[INFO  - 2023-01-15T23:20:15.297Z] Session [2ad1fa90-952b-11ed-904e-7b469e175256] - page.customHeaders:  - {}
[INFO  - 2023-01-15T23:20:15.297Z] Session [2ad1fa90-952b-11ed-904e-7b469e175256] - Session.negotiatedCapabilities - {"browserName":"phantomjs","version":"2.1.1","driverName":"ghostdriver","driverVersion":"1.2.0","platform":"linux-unknown-64bit","javascriptEnabled":true,"takesScreenshot":true,"handlesAlerts":false,"databaseEnabled":false,"locationContextEnabled":false,"applicationCacheEnabled":false,"browserConnectionEnabled":false,"cssSelectorsEnabled":true,"webStorageEnabled":false,"rotatable":false,"acceptSslCerts":false,"nativeEvents":true,"proxy":{"proxyType":"direct"}}
[INFO  - 2023-01-15T23:20:15.298Z] SessionManagerReqHand - _postNewSessionCommand - New Session Created: 2ad1fa90-952b-11ed-904e-7b469e175256
[INFO  - 2023-01-15T23:20:17.549Z] ShutdownReqHand - _handle - About to shutdown
[INFO  - 2023-01-15T23:21:58.107Z] GhostDriver - Main - running on port 60097
[INFO  - 2023-01-15T23:21:58.629Z] Session [686930d0-952b-11ed-96d9-cd071f36ba2b] - page.settings - {"XSSAuditingEnabled":false,"javascriptCanCloseWindows":true,"javascriptCanOpenWindows":true,"javascriptEnabled":true,"loadImages":true,"localToRemoteUrlAccessEnabled":false,"userAgent":"Mozilla/5.0 (Unknown; Linux x86_64) AppleWebKit/538.1 (KHTML, like Gecko) PhantomJS/2.1.1 Safari/538.1","webSecurityEnabled":true}
[INFO  - 2023-01-15T23:21:58.629Z] Session [686930d0-952b-11ed-96d9-cd071f36ba2b] - page.customHeaders:  - {}
[INFO  - 2023-01-15T23:21:58.629Z] Session [686930d0-952b-11ed-96d9-cd071f36ba2b] - Session.negotiatedCapabilities - {"browserName":"phantomjs","version":"2.1.1","driverName":"ghostdriver","driverVersion":"1.2.0","platform":"linux-unknown-64bit","javascriptEnabled":true,"takesScreenshot":true,"handlesAlerts":false,"databaseEnabled":false,"locationContextEnabled":false,"applicationCacheEnabled":false,"browserConnectionEnabled":false,"cssSelectorsEnabled":true,"webStorageEnabled":false,"rotatable":false,"acceptSslCerts":false,"nativeEvents":true,"proxy":{"proxyType":"direct"}}
[INFO  - 2023-01-15T23:21:58.629Z] SessionManagerReqHand - _postNewSessionCommand - New Session Created: 686930d0-952b-11ed-96d9-cd071f36ba2b
[INFO  - 2023-01-15T23:22:02.247Z] ShutdownReqHand - _handle - About to shutdown
[INFO  - 2023-01-15T23:28:21.012Z] GhostDriver - Main - running on port 52008
[INFO  - 2023-01-15T23:28:21.551Z] Session [4ca6c190-952c-11ed-93d4-1f0a82a97084] - page.settings - {"XSSAuditingEnabled":false,"javascriptCanCloseWindows":true,"javascriptCanOpenWindows":true,"javascriptEnabled":true,"loadImages":true,"localToRemoteUrlAccessEnabled":false,"userAgent":"Mozilla/5.0 (Unknown; Linux x86_64) AppleWebKit/538.1 (KHTML, like Gecko) PhantomJS/2.1.1 Safari/538.1","webSecurityEnabled":true}
[INFO  - 2023-01-15T23:28:21.551Z] Session [4ca6c190-952c-11ed-93d4-1f0a82a97084] - page.customHeaders:  - {}
[INFO  - 2023-01-15T23:28:21.552Z] Session [4ca6c190-952c-11ed-93d4-1f0a82a97084] - Session.negotiatedCapabilities - {"browserName":"phantomjs","version":"2.1.1","driverName":"ghostdriver","driverVersion":"1.2.0","platform":"linux-unknown-64bit","javascriptEnabled":true,"takesScreenshot":true,"handlesAlerts":false,"databaseEnabled":false,"locationContextEnabled":false,"applicationCacheEnabled":false,"browserConnectionEnabled":false,"cssSelectorsEnabled":true,"webStorageEnabled":false,"rotatable":false,"acceptSslCerts":false,"nativeEvents":true,"proxy":{"proxyType":"direct"}}
[INFO  - 2023-01-15T23:28:21.552Z] SessionManagerReqHand - _postNewSessionCommand - New Session Created: 4ca6c190-952c-11ed-93d4-1f0a82a97084
[INFO  - 2023-01-15T23:28:25.401Z] ShutdownReqHand - _handle - About to shutdown
[INFO  - 2023-01-15T23:28:53.544Z] GhostDriver - Main - running on port 34285
[INFO  - 2023-01-15T23:28:54.412Z] Session [603b44b0-952c-11ed-ac07-abb73686cdd9] - page.settings - {"XSSAuditingEnabled":false,"javascriptCanCloseWindows":true,"javascriptCanOpenWindows":true,"javascriptEnabled":true,"loadImages":true,"localToRemoteUrlAccessEnabled":false,"userAgent":"Mozilla/5.0 (Unknown; Linux x86_64) AppleWebKit/538.1 (KHTML, like Gecko) PhantomJS/2.1.1 Safari/538.1","webSecurityEnabled":true}
[INFO  - 2023-01-15T23:28:54.413Z] Session [603b44b0-952c-11ed-ac07-abb73686cdd9] - page.customHeaders:  - {}
[INFO  - 2023-01-15T23:28:54.414Z] Session [603b44b0-952c-11ed-ac07-abb73686cdd9] - Session.negotiatedCapabilities - {"browserName":"phantomjs","version":"2.1.1","driverName":"ghostdriver","driverVersion":"1.2.0","platform":"linux-unknown-64bit","javascriptEnabled":true,"takesScreenshot":true,"handlesAlerts":false,"databaseEnabled":false,"locationContextEnabled":false,"applicationCacheEnabled":false,"browserConnectionEnabled":false,"cssSelectorsEnabled":true,"webStorageEnabled":false,"rotatable":false,"acceptSslCerts":false,"nativeEvents":true,"proxy":{"proxyType":"direct"}}
[INFO  - 2023-01-15T23:28:54.415Z] SessionManagerReqHand - _postNewSessionCommand - New Session Created: 603b44b0-952c-11ed-ac07-abb73686cdd9
[INFO  - 2023-01-15T23:28:58.765Z] ShutdownReqHand - _handle - About to shutdown
[INFO  - 2023-01-15T23:29:40.787Z] GhostDriver - Main - running on port 56215
[INFO  - 2023-01-15T23:29:41.374Z] Session [7c3a7960-952c-11ed-a8a6-25cf7c36a105] - page.settings - {"XSSAuditingEnabled":false,"javascriptCanCloseWindows":true,"javascriptCanOpenWindows":true,"javascriptEnabled":true,"loadImages":true,"localToRemoteUrlAccessEnabled":false,"userAgent":"Mozilla/5.0 (Unknown; Linux x86_64) AppleWebKit/538.1 (KHTML, like Gecko) PhantomJS/2.1.1 Safari/538.1","webSecurityEnabled":true}
[INFO  - 2023-01-15T23:29:41.374Z] Session [7c3a7960-952c-11ed-a8a6-25cf7c36a105] - page.customHeaders:  - {}
[INFO  - 2023-01-15T23:29:41.374Z] Session [7c3a7960-952c-11ed-a8a6-25cf7c36a105] - Session.negotiatedCapabilities - {"browserName":"phantomjs","version":"2.1.1","driverName":"ghostdriver","driverVersion":"1.2.0","platform":"linux-unknown-64bit","javascriptEnabled":true,"takesScreenshot":true,"handlesAlerts":false,"databaseEnabled":false,"locationContextEnabled":false,"applicationCacheEnabled":false,"browserConnectionEnabled":false,"cssSelectorsEnabled":true,"webStorageEnabled":false,"rotatable":false,"acceptSslCerts":false,"nativeEvents":true,"proxy":{"proxyType":"direct"}}
[INFO  - 2023-01-15T23:29:41.374Z] SessionManagerReqHand - _postNewSessionCommand - New Session Created: 7c3a7960-952c-11ed-a8a6-25cf7c36a105
[INFO  - 2023-01-15T23:29:45.575Z] ShutdownReqHand - _handle - About to shutdown
[INFO  - 2023-01-16T00:03:48.718Z] GhostDriver - Main - running on port 48848
[INFO  - 2023-01-16T00:03:49.304Z] Session [40e44030-9531-11ed-9eab-775090eddc0b] - page.settings - {"XSSAuditingEnabled":false,"javascriptCanCloseWindows":true,"javascriptCanOpenWindows":true,"javascriptEnabled":true,"loadImages":true,"localToRemoteUrlAccessEnabled":false,"userAgent":"Mozilla/5.0 (Unknown; Linux x86_64) AppleWebKit/538.1 (KHTML, like Gecko) PhantomJS/2.1.1 Safari/538.1","webSecurityEnabled":true}
[INFO  - 2023-01-16T00:03:49.305Z] Session [40e44030-9531-11ed-9eab-775090eddc0b] - page.customHeaders:  - {}
[INFO  - 2023-01-16T00:03:49.305Z] Session [40e44030-9531-11ed-9eab-775090eddc0b] - Session.negotiatedCapabilities - {"browserName":"phantomjs","version":"2.1.1","driverName":"ghostdriver","driverVersion":"1.2.0","platform":"linux-unknown-64bit","javascriptEnabled":true,"takesScreenshot":true,"handlesAlerts":false,"databaseEnabled":false,"locationContextEnabled":false,"applicationCacheEnabled":false,"browserConnectionEnabled":false,"cssSelectorsEnabled":true,"webStorageEnabled":false,"rotatable":false,"acceptSslCerts":false,"nativeEvents":true,"proxy":{"proxyType":"direct"}}
[INFO  - 2023-01-16T00:03:49.305Z] SessionManagerReqHand - _postNewSessionCommand - New Session Created: 40e44030-9531-11ed-9eab-775090eddc0b
[INFO  - 2023-01-16T00:04:48.298Z] GhostDriver - Main - running on port 58765
[INFO  - 2023-01-16T00:04:48.825Z] Session [645e2120-9531-11ed-a4a6-65341339f3c0] - page.settings - {"XSSAuditingEnabled":false,"javascriptCanCloseWindows":true,"javascriptCanOpenWindows":true,"javascriptEnabled":true,"loadImages":true,"localToRemoteUrlAccessEnabled":false,"userAgent":"Mozilla/5.0 (Unknown; Linux x86_64) AppleWebKit/538.1 (KHTML, like Gecko) PhantomJS/2.1.1 Safari/538.1","webSecurityEnabled":true}
[INFO  - 2023-01-16T00:04:48.825Z] Session [645e2120-9531-11ed-a4a6-65341339f3c0] - page.customHeaders:  - {}
[INFO  - 2023-01-16T00:04:48.826Z] Session [645e2120-9531-11ed-a4a6-65341339f3c0] - Session.negotiatedCapabilities - {"browserName":"phantomjs","version":"2.1.1","driverName":"ghostdriver","driverVersion":"1.2.0","platform":"linux-unknown-64bit","javascriptEnabled":true,"takesScreenshot":true,"handlesAlerts":false,"databaseEnabled":false,"locationContextEnabled":false,"applicationCacheEnabled":false,"browserConnectionEnabled":false,"cssSelectorsEnabled":true,"webStorageEnabled":false,"rotatable":false,"acceptSslCerts":false,"nativeEvents":true,"proxy":{"proxyType":"direct"}}
[INFO  - 2023-01-16T00:04:48.826Z] SessionManagerReqHand - _postNewSessionCommand - New Session Created: 645e2120-9531-11ed-a4a6-65341339f3c0
[INFO  - 2023-01-16T00:05:54.294Z] GhostDriver - Main - running on port 40128
[INFO  - 2023-01-16T00:05:54.803Z] Session [8bb1b9d0-9531-11ed-992d-ed249c9c6d27] - page.settings - {"XSSAuditingEnabled":false,"javascriptCanCloseWindows":true,"javascriptCanOpenWindows":true,"javascriptEnabled":true,"loadImages":true,"localToRemoteUrlAccessEnabled":false,"userAgent":"Mozilla/5.0 (Unknown; Linux x86_64) AppleWebKit/538.1 (KHTML, like Gecko) PhantomJS/2.1.1 Safari/538.1","webSecurityEnabled":true}
[INFO  - 2023-01-16T00:05:54.803Z] Session [8bb1b9d0-9531-11ed-992d-ed249c9c6d27] - page.customHeaders:  - {}
[INFO  - 2023-01-16T00:05:54.803Z] Session [8bb1b9d0-9531-11ed-992d-ed249c9c6d27] - Session.negotiatedCapabilities - {"browserName":"phantomjs","version":"2.1.1","driverName":"ghostdriver","driverVersion":"1.2.0","platform":"linux-unknown-64bit","javascriptEnabled":true,"takesScreenshot":true,"handlesAlerts":false,"databaseEnabled":false,"locationContextEnabled":false,"applicationCacheEnabled":false,"browserConnectionEnabled":false,"cssSelectorsEnabled":true,"webStorageEnabled":false,"rotatable":false,"acceptSslCerts":false,"nativeEvents":true,"proxy":{"proxyType":"direct"}}
[INFO  - 2023-01-16T00:05:54.803Z] SessionManagerReqHand - _postNewSessionCommand - New Session Created: 8bb1b9d0-9531-11ed-992d-ed249c9c6d27
[INFO  - 2023-01-16T00:07:49.315Z] GhostDriver - Main - running on port 50029
[INFO  - 2023-01-16T00:07:49.753Z] Session [d035db40-9531-11ed-afbe-5337ad0d76e2] - page.settings - {"XSSAuditingEnabled":false,"javascriptCanCloseWindows":true,"javascriptCanOpenWindows":true,"javascriptEnabled":true,"loadImages":true,"localToRemoteUrlAccessEnabled":false,"userAgent":"Mozilla/5.0 (Unknown; Linux x86_64) AppleWebKit/538.1 (KHTML, like Gecko) PhantomJS/2.1.1 Safari/538.1","webSecurityEnabled":true}
[INFO  - 2023-01-16T00:07:49.754Z] Session [d035db40-9531-11ed-afbe-5337ad0d76e2] - page.customHeaders:  - {}
[INFO  - 2023-01-16T00:07:49.758Z] Session [d035db40-9531-11ed-afbe-5337ad0d76e2] - Session.negotiatedCapabilities - {"browserName":"phantomjs","version":"2.1.1","driverName":"ghostdriver","driverVersion":"1.2.0","platform":"linux-unknown-64bit","javascriptEnabled":true,"takesScreenshot":true,"handlesAlerts":false,"databaseEnabled":false,"locationContextEnabled":false,"applicationCacheEnabled":false,"browserConnectionEnabled":false,"cssSelectorsEnabled":true,"webStorageEnabled":false,"rotatable":false,"acceptSslCerts":false,"nativeEvents":true,"proxy":{"proxyType":"direct"}}
[INFO  - 2023-01-16T00:07:49.758Z] SessionManagerReqHand - _postNewSessionCommand - New Session Created: d035db40-9531-11ed-afbe-5337ad0d76e2
[INFO  - 2023-01-16T00:08:48.717Z] SessionManagerReqHand - _cleanupWindowlessSessions - Asynchronous Sessions clean-up phase starting NOW
[INFO  - 2023-01-16T00:09:48.305Z] SessionManagerReqHand - _cleanupWindowlessSessions - Asynchronous Sessions clean-up phase starting NOW
[INFO  - 2023-01-16T00:10:54.293Z] SessionManagerReqHand - _cleanupWindowlessSessions - Asynchronous Sessions clean-up phase starting NOW
[INFO  - 2023-01-16T00:12:49.314Z] SessionManagerReqHand - _cleanupWindowlessSessions - Asynchronous Sessions clean-up phase starting NOW
[INFO  - 2023-01-16T00:13:49.144Z] SessionManagerReqHand - _cleanupWindowlessSessions - Asynchronous Sessions clean-up phase starting NOW
[INFO  - 2023-01-16T00:14:42.000Z] GhostDriver - Main - running on port 52025
[INFO  - 2023-01-16T00:14:42.603Z] Session [c649eb70-9532-11ed-bb65-eb1951631334] - page.settings - {"XSSAuditingEnabled":false,"javascriptCanCloseWindows":true,"javascriptCanOpenWindows":true,"javascriptEnabled":true,"loadImages":true,"localToRemoteUrlAccessEnabled":false,"userAgent":"Mozilla/5.0 (Unknown; Linux x86_64) AppleWebKit/538.1 (KHTML, like Gecko) PhantomJS/2.1.1 Safari/538.1","webSecurityEnabled":true}
[INFO  - 2023-01-16T00:14:42.603Z] Session [c649eb70-9532-11ed-bb65-eb1951631334] - page.customHeaders:  - {}
[INFO  - 2023-01-16T00:14:42.604Z] Session [c649eb70-9532-11ed-bb65-eb1951631334] - Session.negotiatedCapabilities - {"browserName":"phantomjs","version":"2.1.1","driverName":"ghostdriver","driverVersion":"1.2.0","platform":"linux-unknown-64bit","javascriptEnabled":true,"takesScreenshot":true,"handlesAlerts":false,"databaseEnabled":false,"locationContextEnabled":false,"applicationCacheEnabled":false,"browserConnectionEnabled":false,"cssSelectorsEnabled":true,"webStorageEnabled":false,"rotatable":false,"acceptSslCerts":false,"nativeEvents":true,"proxy":{"proxyType":"direct"}}
[INFO  - 2023-01-16T00:14:42.604Z] SessionManagerReqHand - _postNewSessionCommand - New Session Created: c649eb70-9532-11ed-bb65-eb1951631334
[INFO  - 2023-01-16T00:14:46.409Z] ShutdownReqHand - _handle - About to shutdown
[INFO  - 2023-01-16T00:14:48.310Z] SessionManagerReqHand - _cleanupWindowlessSessions - Asynchronous Sessions clean-up phase starting NOW
[INFO  - 2023-01-16T00:15:54.293Z] SessionManagerReqHand - _cleanupWindowlessSessions - Asynchronous Sessions clean-up phase starting NOW
[INFO  - 2023-01-16T00:15:57.214Z] GhostDriver - Main - running on port 25688
[INFO  - 2023-01-16T00:15:57.685Z] Session [f30a10e0-9532-11ed-bb5b-c1bbd681aa46] - page.settings - {"XSSAuditingEnabled":false,"javascriptCanCloseWindows":true,"javascriptCanOpenWindows":true,"javascriptEnabled":true,"loadImages":true,"localToRemoteUrlAccessEnabled":false,"userAgent":"Mozilla/5.0 (Unknown; Linux x86_64) AppleWebKit/538.1 (KHTML, like Gecko) PhantomJS/2.1.1 Safari/538.1","webSecurityEnabled":true}
[INFO  - 2023-01-16T00:15:57.685Z] Session [f30a10e0-9532-11ed-bb5b-c1bbd681aa46] - page.customHeaders:  - {}
[INFO  - 2023-01-16T00:15:57.685Z] Session [f30a10e0-9532-11ed-bb5b-c1bbd681aa46] - Session.negotiatedCapabilities - {"browserName":"phantomjs","version":"2.1.1","driverName":"ghostdriver","driverVersion":"1.2.0","platform":"linux-unknown-64bit","javascriptEnabled":true,"takesScreenshot":true,"handlesAlerts":false,"databaseEnabled":false,"locationContextEnabled":false,"applicationCacheEnabled":false,"browserConnectionEnabled":false,"cssSelectorsEnabled":true,"webStorageEnabled":false,"rotatable":false,"acceptSslCerts":false,"nativeEvents":true,"proxy":{"proxyType":"direct"}}
[INFO  - 2023-01-16T00:15:57.685Z] SessionManagerReqHand - _postNewSessionCommand - New Session Created: f30a10e0-9532-11ed-bb5b-c1bbd681aa46
[INFO  - 2023-01-16T00:16:34.447Z] GhostDriver - Main - running on port 15305
[INFO  - 2023-01-16T00:16:35.017Z] Session [094aa130-9533-11ed-be75-3dddace7e42d] - page.settings - {"XSSAuditingEnabled":false,"javascriptCanCloseWindows":true,"javascriptCanOpenWindows":true,"javascriptEnabled":true,"loadImages":true,"localToRemoteUrlAccessEnabled":false,"userAgent":"Mozilla/5.0 (Unknown; Linux x86_64) AppleWebKit/538.1 (KHTML, like Gecko) PhantomJS/2.1.1 Safari/538.1","webSecurityEnabled":true}
[INFO  - 2023-01-16T00:16:35.017Z] Session [094aa130-9533-11ed-be75-3dddace7e42d] - page.customHeaders:  - {}
[INFO  - 2023-01-16T00:16:35.018Z] Session [094aa130-9533-11ed-be75-3dddace7e42d] - Session.negotiatedCapabilities - {"browserName":"phantomjs","version":"2.1.1","driverName":"ghostdriver","driverVersion":"1.2.0","platform":"linux-unknown-64bit","javascriptEnabled":true,"takesScreenshot":true,"handlesAlerts":false,"databaseEnabled":false,"locationContextEnabled":false,"applicationCacheEnabled":false,"browserConnectionEnabled":false,"cssSelectorsEnabled":true,"webStorageEnabled":false,"rotatable":false,"acceptSslCerts":false,"nativeEvents":true,"proxy":{"proxyType":"direct"}}
[INFO  - 2023-01-16T00:16:35.018Z] SessionManagerReqHand - _postNewSessionCommand - New Session Created: 094aa130-9533-11ed-be75-3dddace7e42d
[INFO  - 2023-01-16T00:16:37.162Z] ShutdownReqHand - _handle - About to shutdown
[INFO  - 2023-01-16T00:17:08.719Z] GhostDriver - Main - running on port 10000
[INFO  - 2023-01-16T00:17:09.311Z] Session [1dbb7a90-9533-11ed-9001-3be7c44a17b9] - page.settings - {"XSSAuditingEnabled":false,"javascriptCanCloseWindows":true,"javascriptCanOpenWindows":true,"javascriptEnabled":true,"loadImages":true,"localToRemoteUrlAccessEnabled":false,"userAgent":"Mozilla/5.0 (Unknown; Linux x86_64) AppleWebKit/538.1 (KHTML, like Gecko) PhantomJS/2.1.1 Safari/538.1","webSecurityEnabled":true}
[INFO  - 2023-01-16T00:17:09.311Z] Session [1dbb7a90-9533-11ed-9001-3be7c44a17b9] - page.customHeaders:  - {}
[INFO  - 2023-01-16T00:17:09.311Z] Session [1dbb7a90-9533-11ed-9001-3be7c44a17b9] - Session.negotiatedCapabilities - {"browserName":"phantomjs","version":"2.1.1","driverName":"ghostdriver","driverVersion":"1.2.0","platform":"linux-unknown-64bit","javascriptEnabled":true,"takesScreenshot":true,"handlesAlerts":false,"databaseEnabled":false,"locationContextEnabled":false,"applicationCacheEnabled":false,"browserConnectionEnabled":false,"cssSelectorsEnabled":true,"webStorageEnabled":false,"rotatable":false,"acceptSslCerts":false,"nativeEvents":true,"proxy":{"proxyType":"direct"}}
[INFO  - 2023-01-16T00:17:09.312Z] SessionManagerReqHand - _postNewSessionCommand - New Session Created: 1dbb7a90-9533-11ed-9001-3be7c44a17b9
[INFO  - 2023-01-16T00:17:11.757Z] ShutdownReqHand - _handle - About to shutdown
[INFO  - 2023-01-16T00:17:49.314Z] SessionManagerReqHand - _cleanupWindowlessSessions - Asynchronous Sessions clean-up phase starting NOW
[INFO  - 2023-01-16T00:18:49.144Z] SessionManagerReqHand - _cleanupWindowlessSessions - Asynchronous Sessions clean-up phase starting NOW
[INFO  - 2023-01-16T00:18:51.864Z] GhostDriver - Main - running on port 20169
[INFO  - 2023-01-16T00:18:52.393Z] Session [5b2c8b30-9533-11ed-810b-95e0b6aa9eaa] - page.settings - {"XSSAuditingEnabled":false,"javascriptCanCloseWindows":true,"javascriptCanOpenWindows":true,"javascriptEnabled":true,"loadImages":true,"localToRemoteUrlAccessEnabled":false,"userAgent":"Mozilla/5.0 (Unknown; Linux x86_64) AppleWebKit/538.1 (KHTML, like Gecko) PhantomJS/2.1.1 Safari/538.1","webSecurityEnabled":true}
[INFO  - 2023-01-16T00:18:52.393Z] Session [5b2c8b30-9533-11ed-810b-95e0b6aa9eaa] - page.customHeaders:  - {}
[INFO  - 2023-01-16T00:18:52.394Z] Session [5b2c8b30-9533-11ed-810b-95e0b6aa9eaa] - Session.negotiatedCapabilities - {"browserName":"phantomjs","version":"2.1.1","driverName":"ghostdriver","driverVersion":"1.2.0","platform":"linux-unknown-64bit","javascriptEnabled":true,"takesScreenshot":true,"handlesAlerts":false,"databaseEnabled":false,"locationContextEnabled":false,"applicationCacheEnabled":false,"browserConnectionEnabled":false,"cssSelectorsEnabled":true,"webStorageEnabled":false,"rotatable":false,"acceptSslCerts":false,"nativeEvents":true,"proxy":{"proxyType":"direct"}}
[INFO  - 2023-01-16T00:18:52.394Z] SessionManagerReqHand - _postNewSessionCommand - New Session Created: 5b2c8b30-9533-11ed-810b-95e0b6aa9eaa
[INFO  - 2023-01-16T00:19:42.986Z] GhostDriver - Main - running on port 28991
[INFO  - 2023-01-16T00:19:43.779Z] Session [79cd1eb0-9533-11ed-bf91-0d993924d9a0] - page.settings - {"XSSAuditingEnabled":false,"javascriptCanCloseWindows":true,"javascriptCanOpenWindows":true,"javascriptEnabled":true,"loadImages":true,"localToRemoteUrlAccessEnabled":false,"userAgent":"Mozilla/5.0 (Unknown; Linux x86_64) AppleWebKit/538.1 (KHTML, like Gecko) PhantomJS/2.1.1 Safari/538.1","webSecurityEnabled":true}
[INFO  - 2023-01-16T00:19:43.779Z] Session [79cd1eb0-9533-11ed-bf91-0d993924d9a0] - page.customHeaders:  - {}
[INFO  - 2023-01-16T00:19:43.780Z] Session [79cd1eb0-9533-11ed-bf91-0d993924d9a0] - Session.negotiatedCapabilities - {"browserName":"phantomjs","version":"2.1.1","driverName":"ghostdriver","driverVersion":"1.2.0","platform":"linux-unknown-64bit","javascriptEnabled":true,"takesScreenshot":true,"handlesAlerts":false,"databaseEnabled":false,"locationContextEnabled":false,"applicationCacheEnabled":false,"browserConnectionEnabled":false,"cssSelectorsEnabled":true,"webStorageEnabled":false,"rotatable":false,"acceptSslCerts":false,"nativeEvents":true,"proxy":{"proxyType":"direct"}}
[INFO  - 2023-01-16T00:19:43.780Z] SessionManagerReqHand - _postNewSessionCommand - New Session Created: 79cd1eb0-9533-11ed-bf91-0d993924d9a0
[INFO  - 2023-01-16T00:19:48.310Z] SessionManagerReqHand - _cleanupWindowlessSessions - Asynchronous Sessions clean-up phase starting NOW
[INFO  - 2023-01-16T00:20:54.293Z] SessionManagerReqHand - _cleanupWindowlessSessions - Asynchronous Sessions clean-up phase starting NOW
[INFO  - 2023-01-16T00:20:58.317Z] SessionManagerReqHand - _cleanupWindowlessSessions - Asynchronous Sessions clean-up phase starting NOW
[INFO  - 2023-01-16T00:22:38.870Z] GhostDriver - Main - running on port 24164
[INFO  - 2023-01-16T00:22:39.600Z] Session [e2991f70-9533-11ed-a3d0-b52cd9fd1e1e] - page.settings - {"XSSAuditingEnabled":false,"javascriptCanCloseWindows":true,"javascriptCanOpenWindows":true,"javascriptEnabled":true,"loadImages":true,"localToRemoteUrlAccessEnabled":false,"userAgent":"Mozilla/5.0 (Unknown; Linux x86_64) AppleWebKit/538.1 (KHTML, like Gecko) PhantomJS/2.1.1 Safari/538.1","webSecurityEnabled":true}
[INFO  - 2023-01-16T00:22:39.600Z] Session [e2991f70-9533-11ed-a3d0-b52cd9fd1e1e] - page.customHeaders:  - {}
[INFO  - 2023-01-16T00:22:39.601Z] Session [e2991f70-9533-11ed-a3d0-b52cd9fd1e1e] - Session.negotiatedCapabilities - {"browserName":"phantomjs","version":"2.1.1","driverName":"ghostdriver","driverVersion":"1.2.0","platform":"linux-unknown-64bit","javascriptEnabled":true,"takesScreenshot":true,"handlesAlerts":false,"databaseEnabled":false,"locationContextEnabled":false,"applicationCacheEnabled":false,"browserConnectionEnabled":false,"cssSelectorsEnabled":true,"webStorageEnabled":false,"rotatable":false,"acceptSslCerts":false,"nativeEvents":true,"proxy":{"proxyType":"direct"}}
[INFO  - 2023-01-16T00:22:39.601Z] SessionManagerReqHand - _postNewSessionCommand - New Session Created: e2991f70-9533-11ed-a3d0-b52cd9fd1e1e
[INFO  - 2023-01-16T00:22:42.321Z] ShutdownReqHand - _handle - About to shutdown
[INFO  - 2023-01-16T00:22:49.314Z] SessionManagerReqHand - _cleanupWindowlessSessions - Asynchronous Sessions clean-up phase starting NOW
[INFO  - 2023-01-16T00:23:49.144Z] SessionManagerReqHand - _cleanupWindowlessSessions - Asynchronous Sessions clean-up phase starting NOW
[INFO  - 2023-01-16T00:23:52.133Z] SessionManagerReqHand - _cleanupWindowlessSessions - Asynchronous Sessions clean-up phase starting NOW
[INFO  - 2023-01-16T00:24:43.633Z] SessionManagerReqHand - _cleanupWindowlessSessions - Asynchronous Sessions clean-up phase starting NOW
[INFO  - 2023-01-16T00:24:48.309Z] SessionManagerReqHand - _cleanupWindowlessSessions - Asynchronous Sessions clean-up phase starting NOW
[INFO  - 2023-01-16T00:25:54.293Z] SessionManagerReqHand - _cleanupWindowlessSessions - Asynchronous Sessions clean-up phase starting NOW
[INFO  - 2023-01-16T00:25:58.308Z] SessionManagerReqHand - _cleanupWindowlessSessions - Asynchronous Sessions clean-up phase starting NOW
[INFO  - 2023-01-16T00:27:49.314Z] SessionManagerReqHand - _cleanupWindowlessSessions - Asynchronous Sessions clean-up phase starting NOW
[INFO  - 2023-01-16T00:28:49.144Z] SessionManagerReqHand - _cleanupWindowlessSessions - Asynchronous Sessions clean-up phase starting NOW
[INFO  - 2023-01-16T00:28:52.895Z] SessionManagerReqHand - _cleanupWindowlessSessions - Asynchronous Sessions clean-up phase starting NOW
[INFO  - 2023-01-16T00:29:43.753Z] SessionManagerReqHand - _cleanupWindowlessSessions - Asynchronous Sessions clean-up phase starting NOW
[INFO  - 2023-01-16T00:29:48.309Z] SessionManagerReqHand - _cleanupWindowlessSessions - Asynchronous Sessions clean-up phase starting NOW
[INFO  - 2023-01-16T00:30:54.293Z] SessionManagerReqHand - _cleanupWindowlessSessions - Asynchronous Sessions clean-up phase starting NOW
[INFO  - 2023-01-16T00:30:58.308Z] SessionManagerReqHand - _cleanupWindowlessSessions - Asynchronous Sessions clean-up phase starting NOW
[INFO  - 2023-01-16T00:32:49.314Z] SessionManagerReqHand - _cleanupWindowlessSessions - Asynchronous Sessions clean-up phase starting NOW
[INFO  - 2023-01-16T00:33:49.149Z] SessionManagerReqHand - _cleanupWindowlessSessions - Asynchronous Sessions clean-up phase starting NOW
[INFO  - 2023-01-16T00:33:53.949Z] SessionManagerReqHand - _cleanupWindowlessSessions - Asynchronous Sessions clean-up phase starting NOW
[INFO  - 2023-01-16T00:34:44.329Z] SessionManagerReqHand - _cleanupWindowlessSessions - Asynchronous Sessions clean-up phase starting NOW
[INFO  - 2023-01-16T00:34:48.310Z] SessionManagerReqHand - _cleanupWindowlessSessions - Asynchronous Sessions clean-up phase starting NOW
[INFO  - 2023-01-16T00:35:54.293Z] SessionManagerReqHand - _cleanupWindowlessSessions - Asynchronous Sessions clean-up phase starting NOW
[INFO  - 2023-01-16T00:35:59.056Z] SessionManagerReqHand - _cleanupWindowlessSessions - Asynchronous Sessions clean-up phase starting NOW
[INFO  - 2023-01-16T00:37:49.314Z] SessionManagerReqHand - _cleanupWindowlessSessions - Asynchronous Sessions clean-up phase starting NOW
[INFO  - 2023-01-16T00:38:49.149Z] SessionManagerReqHand - _cleanupWindowlessSessions - Asynchronous Sessions clean-up phase starting NOW
[INFO  - 2023-01-16T00:38:55.628Z] SessionManagerReqHand - _cleanupWindowlessSessions - Asynchronous Sessions clean-up phase starting NOW
[INFO  - 2023-01-16T00:39:44.705Z] SessionManagerReqHand - _cleanupWindowlessSessions - Asynchronous Sessions clean-up phase starting NOW
[INFO  - 2023-01-16T00:39:48.310Z] SessionManagerReqHand - _cleanupWindowlessSessions - Asynchronous Sessions clean-up phase starting NOW
[INFO  - 2023-01-16T00:40:54.293Z] SessionManagerReqHand - _cleanupWindowlessSessions - Asynchronous Sessions clean-up phase starting NOW
[INFO  - 2023-01-16T00:41:00.241Z] SessionManagerReqHand - _cleanupWindowlessSessions - Asynchronous Sessions clean-up phase starting NOW
[INFO  - 2023-01-16T00:42:49.314Z] SessionManagerReqHand - _cleanupWindowlessSessions - Asynchronous Sessions clean-up phase starting NOW
[INFO  - 2023-01-16T00:43:49.149Z] SessionManagerReqHand - _cleanupWindowlessSessions - Asynchronous Sessions clean-up phase starting NOW
[INFO  - 2023-01-16T00:44:48.311Z] SessionManagerReqHand - _cleanupWindowlessSessions - Asynchronous Sessions clean-up phase starting NOW
[INFO  - 2023-01-16T00:45:54.293Z] SessionManagerReqHand - _cleanupWindowlessSessions - Asynchronous Sessions clean-up phase starting NOW
[INFO  - 2023-01-16T00:47:49.314Z] SessionManagerReqHand - _cleanupWindowlessSessions - Asynchronous Sessions clean-up phase starting NOW
[INFO  - 2023-01-16T00:48:49.149Z] SessionManagerReqHand - _cleanupWindowlessSessions - Asynchronous Sessions clean-up phase starting NOW
[INFO  - 2023-01-16T00:49:48.310Z] SessionManagerReqHand - _cleanupWindowlessSessions - Asynchronous Sessions clean-up phase starting NOW
[INFO  - 2023-01-16T00:50:54.293Z] SessionManagerReqHand - _cleanupWindowlessSessions - Asynchronous Sessions clean-up phase starting NOW
[INFO  - 2023-01-22T08:21:33.389Z] GhostDriver - Main - running on port 2441
[INFO  - 2023-01-22T08:21:33.830Z] Session [c803ee20-9a2d-11ed-9ae2-596a39c64973] - page.settings - {"XSSAuditingEnabled":false,"javascriptCanCloseWindows":true,"javascriptCanOpenWindows":true,"javascriptEnabled":true,"loadImages":true,"localToRemoteUrlAccessEnabled":false,"userAgent":"Mozilla/5.0 (Unknown; Linux x86_64) AppleWebKit/538.1 (KHTML, like Gecko) PhantomJS/2.1.1 Safari/538.1","webSecurityEnabled":true}
[INFO  - 2023-01-22T08:21:33.831Z] Session [c803ee20-9a2d-11ed-9ae2-596a39c64973] - page.customHeaders:  - {}
[INFO  - 2023-01-22T08:21:33.831Z] Session [c803ee20-9a2d-11ed-9ae2-596a39c64973] - Session.negotiatedCapabilities - {"browserName":"phantomjs","version":"2.1.1","driverName":"ghostdriver","driverVersion":"1.2.0","platform":"linux-unknown-64bit","javascriptEnabled":true,"takesScreenshot":true,"handlesAlerts":false,"databaseEnabled":false,"locationContextEnabled":false,"applicationCacheEnabled":false,"browserConnectionEnabled":false,"cssSelectorsEnabled":true,"webStorageEnabled":false,"rotatable":false,"acceptSslCerts":false,"nativeEvents":true,"proxy":{"proxyType":"direct"}}
[INFO  - 2023-01-22T08:21:33.831Z] SessionManagerReqHand - _postNewSessionCommand - New Session Created: c803ee20-9a2d-11ed-9ae2-596a39c64973
[INFO  - 2023-01-22T08:24:35.124Z] GhostDriver - Main - running on port 8855
[INFO  - 2023-01-22T08:24:35.592Z] Session [345a2710-9a2e-11ed-82cb-4144113b952a] - page.settings - {"XSSAuditingEnabled":false,"javascriptCanCloseWindows":true,"javascriptCanOpenWindows":true,"javascriptEnabled":true,"loadImages":true,"localToRemoteUrlAccessEnabled":false,"userAgent":"Mozilla/5.0 (Unknown; Linux x86_64) AppleWebKit/538.1 (KHTML, like Gecko) PhantomJS/2.1.1 Safari/538.1","webSecurityEnabled":true}
[INFO  - 2023-01-22T08:24:35.592Z] Session [345a2710-9a2e-11ed-82cb-4144113b952a] - page.customHeaders:  - {}
[INFO  - 2023-01-22T08:24:35.593Z] Session [345a2710-9a2e-11ed-82cb-4144113b952a] - Session.negotiatedCapabilities - {"browserName":"phantomjs","version":"2.1.1","driverName":"ghostdriver","driverVersion":"1.2.0","platform":"linux-unknown-64bit","javascriptEnabled":true,"takesScreenshot":true,"handlesAlerts":false,"databaseEnabled":false,"locationContextEnabled":false,"applicationCacheEnabled":false,"browserConnectionEnabled":false,"cssSelectorsEnabled":true,"webStorageEnabled":false,"rotatable":false,"acceptSslCerts":false,"nativeEvents":true,"proxy":{"proxyType":"direct"}}
[INFO  - 2023-01-22T08:24:35.593Z] SessionManagerReqHand - _postNewSessionCommand - New Session Created: 345a2710-9a2e-11ed-82cb-4144113b952a
[INFO  - 2023-01-22T08:26:18.283Z] GhostDriver - Main - running on port 30530
[INFO  - 2023-01-22T08:26:18.855Z] Session [71e612b0-9a2e-11ed-ad15-6dfde7c761ed] - page.settings - {"XSSAuditingEnabled":false,"javascriptCanCloseWindows":true,"javascriptCanOpenWindows":true,"javascriptEnabled":true,"loadImages":true,"localToRemoteUrlAccessEnabled":false,"userAgent":"Mozilla/5.0 (Unknown; Linux x86_64) AppleWebKit/538.1 (KHTML, like Gecko) PhantomJS/2.1.1 Safari/538.1","webSecurityEnabled":true}
[INFO  - 2023-01-22T08:26:18.855Z] Session [71e612b0-9a2e-11ed-ad15-6dfde7c761ed] - page.customHeaders:  - {}
[INFO  - 2023-01-22T08:26:18.855Z] Session [71e612b0-9a2e-11ed-ad15-6dfde7c761ed] - Session.negotiatedCapabilities - {"browserName":"phantomjs","version":"2.1.1","driverName":"ghostdriver","driverVersion":"1.2.0","platform":"linux-unknown-64bit","javascriptEnabled":true,"takesScreenshot":true,"handlesAlerts":false,"databaseEnabled":false,"locationContextEnabled":false,"applicationCacheEnabled":false,"browserConnectionEnabled":false,"cssSelectorsEnabled":true,"webStorageEnabled":false,"rotatable":false,"acceptSslCerts":false,"nativeEvents":true,"proxy":{"proxyType":"direct"}}
[INFO  - 2023-01-22T08:26:18.856Z] SessionManagerReqHand - _postNewSessionCommand - New Session Created: 71e612b0-9a2e-11ed-ad15-6dfde7c761ed
[INFO  - 2023-01-22T08:26:34.209Z] SessionManagerReqHand - _cleanupWindowlessSessions - Asynchronous Sessions clean-up phase starting NOW
[INFO  - 2023-01-22T08:29:35.625Z] SessionManagerReqHand - _cleanupWindowlessSessions - Asynchronous Sessions clean-up phase starting NOW
[INFO  - 2023-01-22T08:31:16.920Z] GhostDriver - Main - running on port 21038
[INFO  - 2023-01-22T08:31:17.483Z] Session [23e4efe0-9a2f-11ed-a862-33ca9657791b] - page.settings - {"XSSAuditingEnabled":false,"javascriptCanCloseWindows":true,"javascriptCanOpenWindows":true,"javascriptEnabled":true,"loadImages":true,"localToRemoteUrlAccessEnabled":false,"userAgent":"Mozilla/5.0 (Unknown; Linux x86_64) AppleWebKit/538.1 (KHTML, like Gecko) PhantomJS/2.1.1 Safari/538.1","webSecurityEnabled":true}
[INFO  - 2023-01-22T08:31:17.484Z] Session [23e4efe0-9a2f-11ed-a862-33ca9657791b] - page.customHeaders:  - {}
[INFO  - 2023-01-22T08:31:17.486Z] Session [23e4efe0-9a2f-11ed-a862-33ca9657791b] - Session.negotiatedCapabilities - {"browserName":"phantomjs","version":"2.1.1","driverName":"ghostdriver","driverVersion":"1.2.0","platform":"linux-unknown-64bit","javascriptEnabled":true,"takesScreenshot":true,"handlesAlerts":false,"databaseEnabled":false,"locationContextEnabled":false,"applicationCacheEnabled":false,"browserConnectionEnabled":false,"cssSelectorsEnabled":true,"webStorageEnabled":false,"rotatable":false,"acceptSslCerts":false,"nativeEvents":true,"proxy":{"proxyType":"direct"}}
[INFO  - 2023-01-22T08:31:17.486Z] SessionManagerReqHand - _postNewSessionCommand - New Session Created: 23e4efe0-9a2f-11ed-a862-33ca9657791b
[INFO  - 2023-01-22T08:31:18.852Z] SessionManagerReqHand - _cleanupWindowlessSessions - Asynchronous Sessions clean-up phase starting NOW
[INFO  - 2023-01-22T08:31:34.404Z] SessionManagerReqHand - _cleanupWindowlessSessions - Asynchronous Sessions clean-up phase starting NOW
[INFO  - 2023-01-22T08:34:36.438Z] SessionManagerReqHand - _cleanupWindowlessSessions - Asynchronous Sessions clean-up phase starting NOW
[INFO  - 2023-01-22T08:35:42.670Z] GhostDriver - Main - running on port 3733
[INFO  - 2023-01-22T08:35:43.656Z] Session [c28bddc0-9a2f-11ed-afd0-d9cb9720d175] - page.settings - {"XSSAuditingEnabled":false,"javascriptCanCloseWindows":true,"javascriptCanOpenWindows":true,"javascriptEnabled":true,"loadImages":true,"localToRemoteUrlAccessEnabled":false,"userAgent":"Mozilla/5.0 (Unknown; Linux x86_64) AppleWebKit/538.1 (KHTML, like Gecko) PhantomJS/2.1.1 Safari/538.1","webSecurityEnabled":true}
[INFO  - 2023-01-22T08:35:43.657Z] Session [c28bddc0-9a2f-11ed-afd0-d9cb9720d175] - page.customHeaders:  - {}
[INFO  - 2023-01-22T08:35:43.658Z] Session [c28bddc0-9a2f-11ed-afd0-d9cb9720d175] - Session.negotiatedCapabilities - {"browserName":"phantomjs","version":"2.1.1","driverName":"ghostdriver","driverVersion":"1.2.0","platform":"linux-unknown-64bit","javascriptEnabled":true,"takesScreenshot":true,"handlesAlerts":false,"databaseEnabled":false,"locationContextEnabled":false,"applicationCacheEnabled":false,"browserConnectionEnabled":false,"cssSelectorsEnabled":true,"webStorageEnabled":false,"rotatable":false,"acceptSslCerts":false,"nativeEvents":true,"proxy":{"proxyType":"direct"}}
[INFO  - 2023-01-22T08:35:43.658Z] SessionManagerReqHand - _postNewSessionCommand - New Session Created: c28bddc0-9a2f-11ed-afd0-d9cb9720d175
[ERROR - 2023-01-22T08:35:47.268Z] WebElementLocator - _handleLocateCommand - Element(s) NOT Found: GAVE UP. Search Stop Time: 1674376547257
[INFO  - 2023-01-22T08:36:17.476Z] SessionManagerReqHand - _cleanupWindowlessSessions - Asynchronous Sessions clean-up phase starting NOW
[INFO  - 2023-01-22T08:36:20.134Z] SessionManagerReqHand - _cleanupWindowlessSessions - Asynchronous Sessions clean-up phase starting NOW
[INFO  - 2023-01-22T08:36:35.643Z] SessionManagerReqHand - _cleanupWindowlessSessions - Asynchronous Sessions clean-up phase starting NOW
[INFO  - 2023-01-22T08:39:38.014Z] SessionManagerReqHand - _cleanupWindowlessSessions - Asynchronous Sessions clean-up phase starting NOW
[INFO  - 2023-01-22T08:40:43.833Z] SessionManagerReqHand - _cleanupWindowlessSessions - Asynchronous Sessions clean-up phase starting NOW
[INFO  - 2023-01-22T08:41:18.434Z] SessionManagerReqHand - _cleanupWindowlessSessions - Asynchronous Sessions clean-up phase starting NOW
[INFO  - 2023-01-22T08:41:20.129Z] SessionManagerReqHand - _cleanupWindowlessSessions - Asynchronous Sessions clean-up phase starting NOW
[INFO  - 2023-01-22T08:41:36.650Z] SessionManagerReqHand - _cleanupWindowlessSessions - Asynchronous Sessions clean-up phase starting NOW
[INFO  - 2023-01-22T08:44:40.114Z] SessionManagerReqHand - _cleanupWindowlessSessions - Asynchronous Sessions clean-up phase starting NOW
[INFO  - 2023-01-22T08:44:40.743Z] GhostDriver - Main - running on port 15697
[INFO  - 2023-01-22T08:44:41.599Z] Session [032eb0e0-9a31-11ed-b0d3-473953dd07f6] - page.settings - {"XSSAuditingEnabled":false,"javascriptCanCloseWindows":true,"javascriptCanOpenWindows":true,"javascriptEnabled":true,"loadImages":true,"localToRemoteUrlAccessEnabled":false,"userAgent":"Mozilla/5.0 (Unknown; Linux x86_64) AppleWebKit/538.1 (KHTML, like Gecko) PhantomJS/2.1.1 Safari/538.1","webSecurityEnabled":true}
[INFO  - 2023-01-22T08:44:41.602Z] Session [032eb0e0-9a31-11ed-b0d3-473953dd07f6] - page.customHeaders:  - {}
[INFO  - 2023-01-22T08:44:41.603Z] Session [032eb0e0-9a31-11ed-b0d3-473953dd07f6] - Session.negotiatedCapabilities - {"browserName":"phantomjs","version":"2.1.1","driverName":"ghostdriver","driverVersion":"1.2.0","platform":"linux-unknown-64bit","javascriptEnabled":true,"takesScreenshot":true,"handlesAlerts":false,"databaseEnabled":false,"locationContextEnabled":false,"applicationCacheEnabled":false,"browserConnectionEnabled":false,"cssSelectorsEnabled":true,"webStorageEnabled":false,"rotatable":false,"acceptSslCerts":false,"nativeEvents":true,"proxy":{"proxyType":"direct"}}
[INFO  - 2023-01-22T08:44:41.604Z] SessionManagerReqHand - _postNewSessionCommand - New Session Created: 032eb0e0-9a31-11ed-b0d3-473953dd07f6
